Detecting CXX compiler ABI info failed to compile with the following output:
Change Dir: /home/lingyin/graphics/aSmallRender/build/CMakeFiles/CMakeTmp

Run Build Command(s):/usr/bin/gmake -f Makefile cmTC_cc251/fast && /usr/bin/gmake  -f CMakeFiles/cmTC_cc251.dir/build.make CMakeFiles/cmTC_cc251.dir/build
gmake[1]: Entering directory '/home/lingyin/graphics/aSmallRender/build/CMakeFiles/CMakeTmp'
Building CXX object CMakeFiles/cmTC_cc251.dir/CMakeCXXCompilerABI.cpp.o
/mnt/e/MinGw/mingw64/bin/g++.exe   -v -o CMakeFiles/cmTC_cc251.dir/CMakeCXXCompilerABI.cpp.o -c /usr/share/cmake-3.22/Modules/CMakeCXXCompilerABI.cpp
Using built-in specs.
COLLECT_GCC=g++.exe
Target: x86_64-w64-mingw32
Configured with: ../../../src/gcc-8.1.0/configure --host=x86_64-w64-mingw32 --build=x86_64-w64-mingw32 --target=x86_64-w64-mingw32 --prefix=/mingw64 --with-sysroot=/c/mingw810/x86_64-810-posix-seh-rt_v6-rev0/mingw64 --enable-shared --enable-static --disable-multilib --enable-languages=c,c++,fortran,lto --enable-libstdcxx-time=yes --enable-threads=posix --enable-libgomp --enable-libatomic --enable-lto --enable-graphite --enable-checking=release --enable-fully-dynamic-string --enable-version-specific-runtime-libs --disable-libstdcxx-pch --disable-libstdcxx-debug --enable-bootstrap --disable-rpath --disable-win32-registry --disable-nls --disable-werror --disable-symvers --with-gnu-as --with-gnu-ld --with-arch=nocona --with-tune=core2 --with-libiconv --with-system-zlib --with-gmp=/c/mingw810/prerequisites/x86_64-w64-mingw32-static --with-mpfr=/c/mingw810/prerequisites/x86_64-w64-mingw32-static --with-mpc=/c/mingw810/prerequisites/x86_64-w64-mingw32-static --with-isl=/c/mingw810/prerequisites/x86_64-w64-mingw32-static --with-pkgversion='x86_64-posix-seh-rev0, Built by MinGW-W64 project' --with-bugurl=https://sourceforge.net/projects/mingw-w64 CFLAGS='-O2 -pipe -fno-ident -I/c/mingw810/x86_64-810-posix-seh-rt_v6-rev0/mingw64/opt/include -I/c/mingw810/prerequisites/x86_64-zlib-static/include -I/c/mingw810/prerequisites/x86_64-w64-mingw32-static/include' CXXFLAGS='-O2 -pipe -fno-ident -I/c/mingw810/x86_64-810-posix-seh-rt_v6-rev0/mingw64/opt/include -I/c/mingw810/prerequisites/x86_64-zlib-static/include -I/c/mingw810/prerequisites/x86_64-w64-mingw32-static/include' CPPFLAGS=' -I/c/mingw810/x86_64-810-posix-seh-rt_v6-rev0/mingw64/opt/include -I/c/mingw810/prerequisites/x86_64-zlib-static/include -I/c/mingw810/prerequisites/x86_64-w64-mingw32-static/include' LDFLAGS='-pipe -fno-ident -L/c/mingw810/x86_64-810-posix-seh-rt_v6-rev0/mingw64/opt/lib -L/c/mingw810/prerequisites/x86_64-zlib-static/lib -L/c/mingw810/prerequisites/x86_64-w64-mingw32-static/lib '
Thread model: posix
gcc version 8.1.0 (x86_64-posix-seh-rev0, Built by MinGW-W64 project) 
COLLECT_GCC_OPTIONS='-v' '-o' 'CMakeFiles/cmTC_cc251.dir/CMakeCXXCompilerABI.cpp.o' '-c' '-shared-libgcc' '-mtune=core2' '-march=nocona'
 E:/MinGw/mingw64/bin/../libexec/gcc/x86_64-w64-mingw32/8.1.0/cc1plus.exe -quiet -v -iprefix E:/MinGw/mingw64/bin/../lib/gcc/x86_64-w64-mingw32/8.1.0/ -D_REENTRANT /usr/share/cmake-3.22/Modules/CMakeCXXCompilerABI.cpp -quiet -dumpbase CMakeCXXCompilerABI.cpp -mtune=core2 -march=nocona -auxbase-strip CMakeFiles/cmTC_cc251.dir/CMakeCXXCompilerABI.cpp.o -version -o C:\Users\Lingyin\AppData\Local\Temp\ccXVTZnz.s
GNU C++14 (x86_64-posix-seh-rev0, Built by MinGW-W64 project) version 8.1.0 (x86_64-w64-mingw32)
	compiled by GNU C version 8.1.0, GMP version 6.1.2, MPFR version 4.0.1, MPC version 1.1.0, isl version isl-0.18-GMP

GGC heuristics: --param ggc-min-expand=100 --param ggc-min-heapsize=131072
ignoring duplicate directory "E:/MinGw/mingw64/lib/gcc/../../lib/gcc/x86_64-w64-mingw32/8.1.0/include/c++"
ignoring duplicate directory "E:/MinGw/mingw64/lib/gcc/../../lib/gcc/x86_64-w64-mingw32/8.1.0/include/c++/x86_64-w64-mingw32"
ignoring duplicate directory "E:/MinGw/mingw64/lib/gcc/../../lib/gcc/x86_64-w64-mingw32/8.1.0/include/c++/backward"
ignoring duplicate directory "E:/MinGw/mingw64/lib/gcc/../../lib/gcc/x86_64-w64-mingw32/8.1.0/include"
ignoring nonexistent directory "C:/mingw810/x86_64-810-posix-seh-rt_v6-rev0/mingw64C:/msys64/mingw64/lib/gcc/x86_64-w64-mingw32/8.1.0/../../../../include"
ignoring duplicate directory "E:/MinGw/mingw64/lib/gcc/../../lib/gcc/x86_64-w64-mingw32/8.1.0/include-fixed"
ignoring duplicate directory "E:/MinGw/mingw64/lib/gcc/../../lib/gcc/x86_64-w64-mingw32/8.1.0/../../../../x86_64-w64-mingw32/include"
ignoring nonexistent directory "C:/mingw810/x86_64-810-posix-seh-rt_v6-rev0/mingw64/mingw/include"
#include "..." search starts here:
#include <...> search starts here:
 E:/MinGw/mingw64/bin/../lib/gcc/x86_64-w64-mingw32/8.1.0/include/c++
 E:/MinGw/mingw64/bin/../lib/gcc/x86_64-w64-mingw32/8.1.0/include/c++/x86_64-w64-mingw32
 E:/MinGw/mingw64/bin/../lib/gcc/x86_64-w64-mingw32/8.1.0/include/c++/backward
 E:/MinGw/mingw64/bin/../lib/gcc/x86_64-w64-mingw32/8.1.0/include
 E:/MinGw/mingw64/bin/../lib/gcc/x86_64-w64-mingw32/8.1.0/include-fixed
 E:/MinGw/mingw64/bin/../lib/gcc/x86_64-w64-mingw32/8.1.0/../../../../x86_64-w64-mingw32/include
End of search list.
GNU C++14 (x86_64-posix-seh-rev0, Built by MinGW-W64 project) version 8.1.0 (x86_64-w64-mingw32)
	compiled by GNU C version 8.1.0, GMP version 6.1.2, MPFR version 4.0.1, MPC version 1.1.0, isl version isl-0.18-GMP

GGC heuristics: --param ggc-min-expand=100 --param ggc-min-heapsize=131072
Compiler executable checksum: 82f0c9785fd37a38ba7b7f8357369a82
COLLECT_GCC_OPTIONS='-v' '-o' 'CMakeFiles/cmTC_cc251.dir/CMakeCXXCompilerABI.cpp.o' '-c' '-shared-libgcc' '-mtune=core2' '-march=nocona'
 E:/MinGw/mingw64/bin/../lib/gcc/x86_64-w64-mingw32/8.1.0/../../../../x86_64-w64-mingw32/bin/as.exe -v -o CMakeFiles/cmTC_cc251.dir/CMakeCXXCompilerABI.cpp.o C:\Users\Lingyin\AppData\Local\Temp\ccXVTZnz.s
GNU assembler version 2.30 (x86_64-w64-mingw32) using BFD version (GNU Binutils) 2.30
COMPILER_PATH=E:/MinGw/mingw64/bin/../libexec/gcc/x86_64-w64-mingw32/8.1.0/;E:/MinGw/mingw64/bin/../libexec/gcc/;E:/MinGw/mingw64/bin/../lib/gcc/x86_64-w64-mingw32/8.1.0/../../../../x86_64-w64-mingw32/bin/
LIBRARY_PATH=E:/MinGw/mingw64/bin/../lib/gcc/x86_64-w64-mingw32/8.1.0/;E:/MinGw/mingw64/bin/../lib/gcc/;E:/MinGw/mingw64/bin/../lib/gcc/x86_64-w64-mingw32/8.1.0/../../../../x86_64-w64-mingw32/lib/../lib/;E:/MinGw/mingw64/bin/../lib/gcc/x86_64-w64-mingw32/8.1.0/../../../../lib/;E:/MinGw/mingw64/bin/../lib/gcc/x86_64-w64-mingw32/8.1.0/../../../../x86_64-w64-mingw32/lib/;E:/MinGw/mingw64/bin/../lib/gcc/x86_64-w64-mingw32/8.1.0/../../../
COLLECT_GCC_OPTIONS='-v' '-o' 'CMakeFiles/cmTC_cc251.dir/CMakeCXXCompilerABI.cpp.o' '-c' '-shared-libgcc' '-mtune=core2' '-march=nocona'
Linking CXX executable cmTC_cc251
/usr/bin/cmake -E cmake_link_script CMakeFiles/cmTC_cc251.dir/link.txt --verbose=1
/mnt/e/MinGw/mingw64/bin/g++.exe  -v CMakeFiles/cmTC_cc251.dir/CMakeCXXCompilerABI.cpp.o -o cmTC_cc251 
Using built-in specs.
COLLECT_GCC=g++.exe
COLLECT_LTO_WRAPPER=E:/MinGw/mingw64/bin/../libexec/gcc/x86_64-w64-mingw32/8.1.0/lto-wrapper.exe
Target: x86_64-w64-mingw32
Configured with: ../../../src/gcc-8.1.0/configure --host=x86_64-w64-mingw32 --build=x86_64-w64-mingw32 --target=x86_64-w64-mingw32 --prefix=/mingw64 --with-sysroot=/c/mingw810/x86_64-810-posix-seh-rt_v6-rev0/mingw64 --enable-shared --enable-static --disable-multilib --enable-languages=c,c++,fortran,lto --enable-libstdcxx-time=yes --enable-threads=posix --enable-libgomp --enable-libatomic --enable-lto --enable-graphite --enable-checking=release --enable-fully-dynamic-string --enable-version-specific-runtime-libs --disable-libstdcxx-pch --disable-libstdcxx-debug --enable-bootstrap --disable-rpath --disable-win32-registry --disable-nls --disable-werror --disable-symvers --with-gnu-as --with-gnu-ld --with-arch=nocona --with-tune=core2 --with-libiconv --with-system-zlib --with-gmp=/c/mingw810/prerequisites/x86_64-w64-mingw32-static --with-mpfr=/c/mingw810/prerequisites/x86_64-w64-mingw32-static --with-mpc=/c/mingw810/prerequisites/x86_64-w64-mingw32-static --with-isl=/c/mingw810/prerequisites/x86_64-w64-mingw32-static --with-pkgversion='x86_64-posix-seh-rev0, Built by MinGW-W64 project' --with-bugurl=https://sourceforge.net/projects/mingw-w64 CFLAGS='-O2 -pipe -fno-ident -I/c/mingw810/x86_64-810-posix-seh-rt_v6-rev0/mingw64/opt/include -I/c/mingw810/prerequisites/x86_64-zlib-static/include -I/c/mingw810/prerequisites/x86_64-w64-mingw32-static/include' CXXFLAGS='-O2 -pipe -fno-ident -I/c/mingw810/x86_64-810-posix-seh-rt_v6-rev0/mingw64/opt/include -I/c/mingw810/prerequisites/x86_64-zlib-static/include -I/c/mingw810/prerequisites/x86_64-w64-mingw32-static/include' CPPFLAGS=' -I/c/mingw810/x86_64-810-posix-seh-rt_v6-rev0/mingw64/opt/include -I/c/mingw810/prerequisites/x86_64-zlib-static/include -I/c/mingw810/prerequisites/x86_64-w64-mingw32-static/include' LDFLAGS='-pipe -fno-ident -L/c/mingw810/x86_64-810-posix-seh-rt_v6-rev0/mingw64/opt/lib -L/c/mingw810/prerequisites/x86_64-zlib-static/lib -L/c/mingw810/prerequisites/x86_64-w64-mingw32-static/lib '
Thread model: posix
gcc version 8.1.0 (x86_64-posix-seh-rev0, Built by MinGW-W64 project) 
COMPILER_PATH=E:/MinGw/mingw64/bin/../libexec/gcc/x86_64-w64-mingw32/8.1.0/;E:/MinGw/mingw64/bin/../libexec/gcc/;E:/MinGw/mingw64/bin/../lib/gcc/x86_64-w64-mingw32/8.1.0/../../../../x86_64-w64-mingw32/bin/
LIBRARY_PATH=E:/MinGw/mingw64/bin/../lib/gcc/x86_64-w64-mingw32/8.1.0/;E:/MinGw/mingw64/bin/../lib/gcc/;E:/MinGw/mingw64/bin/../lib/gcc/x86_64-w64-mingw32/8.1.0/../../../../x86_64-w64-mingw32/lib/../lib/;E:/MinGw/mingw64/bin/../lib/gcc/x86_64-w64-mingw32/8.1.0/../../../../lib/;E:/MinGw/mingw64/bin/../lib/gcc/x86_64-w64-mingw32/8.1.0/../../../../x86_64-w64-mingw32/lib/;E:/MinGw/mingw64/bin/../lib/gcc/x86_64-w64-mingw32/8.1.0/../../../
COLLECT_GCC_OPTIONS='-v' '-o' 'cmTC_cc251.exe' '-shared-libgcc' '-mtune=core2' '-march=nocona'
 E:/MinGw/mingw64/bin/../libexec/gcc/x86_64-w64-mingw32/8.1.0/collect2.exe -plugin E:/MinGw/mingw64/bin/../libexec/gcc/x86_64-w64-mingw32/8.1.0/liblto_plugin-0.dll -plugin-opt=E:/MinGw/mingw64/bin/../libexec/gcc/x86_64-w64-mingw32/8.1.0/lto-wrapper.exe -plugin-opt=-fresolution=C:\Users\Lingyin\AppData\Local\Temp\ccJoBlTE.res -plugin-opt=-pass-through=-lmingw32 -plugin-opt=-pass-through=-lgcc_s -plugin-opt=-pass-through=-lgcc -plugin-opt=-pass-through=-lmoldname -plugin-opt=-pass-through=-lmingwex -plugin-opt=-pass-through=-lmsvcrt -plugin-opt=-pass-through=-lpthread -plugin-opt=-pass-through=-ladvapi32 -plugin-opt=-pass-through=-lshell32 -plugin-opt=-pass-through=-luser32 -plugin-opt=-pass-through=-lkernel32 -plugin-opt=-pass-through=-liconv -plugin-opt=-pass-through=-lmingw32 -plugin-opt=-pass-through=-lgcc_s -plugin-opt=-pass-through=-lgcc -plugin-opt=-pass-through=-lmoldname -plugin-opt=-pass-through=-lmingwex -plugin-opt=-pass-through=-lmsvcrt --sysroot=C:/mingw810/x86_64-810-posix-seh-rt_v6-rev0/mingw64 -m i386pep -Bdynamic -o cmTC_cc251.exe E:/MinGw/mingw64/bin/../lib/gcc/x86_64-w64-mingw32/8.1.0/../../../../x86_64-w64-mingw32/lib/../lib/crt2.o E:/MinGw/mingw64/bin/../lib/gcc/x86_64-w64-mingw32/8.1.0/crtbegin.o -LE:/MinGw/mingw64/bin/../lib/gcc/x86_64-w64-mingw32/8.1.0 -LE:/MinGw/mingw64/bin/../lib/gcc -LE:/MinGw/mingw64/bin/../lib/gcc/x86_64-w64-mingw32/8.1.0/../../../../x86_64-w64-mingw32/lib/../lib -LE:/MinGw/mingw64/bin/../lib/gcc/x86_64-w64-mingw32/8.1.0/../../../../lib -LE:/MinGw/mingw64/bin/../lib/gcc/x86_64-w64-mingw32/8.1.0/../../../../x86_64-w64-mingw32/lib -LE:/MinGw/mingw64/bin/../lib/gcc/x86_64-w64-mingw32/8.1.0/../../.. CMakeFiles/cmTC_cc251.dir/CMakeCXXCompilerABI.cpp.o -lstdc++ -lmingw32 -lgcc_s -lgcc -lmoldname -lmingwex -lmsvcrt -lpthread -ladvapi32 -lshell32 -luser32 -lkernel32 -liconv -lmingw32 -lgcc_s -lgcc -lmoldname -lmingwex -lmsvcrt E:/MinGw/mingw64/bin/../lib/gcc/x86_64-w64-mingw32/8.1.0/crtend.o
COLLECT_GCC_OPTIONS='-v' '-o' 'cmTC_cc251.exe' '-shared-libgcc' '-mtune=core2' '-march=nocona'
gmake[1]: Leaving directory '/home/lingyin/graphics/aSmallRender/build/CMakeFiles/CMakeTmp'


Cannot copy output executable
  ''
to destination specified by COPY_FILE:
  '/home/lingyin/graphics/aSmallRender/build/CMakeFiles/3.22.1/CMakeDetermineCompilerABI_CXX.bin'
Unable to find the executable at any of:
  /home/lingyin/graphics/aSmallRender/build/CMakeFiles/CMakeTmp/cmTC_cc251
  /home/lingyin/graphics/aSmallRender/build/CMakeFiles/CMakeTmp/Debug/cmTC_cc251
  /home/lingyin/graphics/aSmallRender/build/CMakeFiles/CMakeTmp/Development/cmTC_cc251


